<?xml version="1.0" encoding="UTF-8"?>
<!-- Generated by org.testng.reporters.JUnitReportReporter -->
<testsuite hostname="SrikanthS" failures="0" tests="3" name="Ecommerce.SeleniumFrameworkDesign.tests.SubmitOrderTest" time="28.443" errors="0" timestamp="2024-07-08T14:49:53 BST" skipped="0">
  <testcase classname="Ecommerce.SeleniumFrameworkDesign.tests.SubmitOrderTest" name="submitbutton" time="10.039"/>
  <testcase classname="Ecommerce.SeleniumFrameworkDesign.tests.SubmitOrderTest" name="submitbutton" time="11.274"/>
  <testcase classname="Ecommerce.SeleniumFrameworkDesign.tests.SubmitOrderTest" name="OrderHistoryTest" time="7.130"/>
</testsuite> <!-- Ecommerce.SeleniumFrameworkDesign.tests.SubmitOrderTest -->
