<?xml version="1.0" encoding="UTF-8"?>
<!-- Generated by org.testng.reporters.JUnitReportReporter -->
<testsuite hostname="SrikanthS" failures="0" tests="1" name="Ecommerce.SeleniumFrameworkDesign.tests.ErrorValidation" time="11.709" errors="0" timestamp="2024-06-30T23:27:39 BST" skipped="0">
  <testcase classname="Ecommerce.SeleniumFrameworkDesign.tests.ErrorValidation" name="productErrorValidation" time="11.709"/>
</testsuite> <!-- Ecommerce.SeleniumFrameworkDesign.tests.ErrorValidation -->
