<?xml version="1.0" encoding="UTF-8"?>
<!-- Generated by org.testng.reporters.JUnitReportReporter -->
<testsuite hostname="SrikanthS" failures="0" tests="1" name="Ecommerce.SeleniumFrameworkDesign.tests.Ecommerce2" time="18.819" errors="0" timestamp="2024-06-30T22:48:54 BST" skipped="0">
  <testcase classname="Ecommerce.SeleniumFrameworkDesign.tests.Ecommerce2" name="submitbutton" time="18.819"/>
</testsuite> <!-- Ecommerce.SeleniumFrameworkDesign.tests.Ecommerce2 -->
