<?xml version="1.0" encoding="UTF-8"?>
<!-- Generated by org.testng.reporters.JUnitReportReporter -->
<testsuite hostname="SrikanthS" failures="0" tests="3" name="Ecommerce.SeleniumFrameworkDesign.tests.SubmitOrderTest" time="34.745" errors="0" timestamp="2024-07-08T19:44:51 BST" skipped="0">
  <testcase classname="Ecommerce.SeleniumFrameworkDesign.tests.SubmitOrderTest" name="submitbutton" time="13.060"/>
  <testcase classname="Ecommerce.SeleniumFrameworkDesign.tests.SubmitOrderTest" name="submitbutton" time="12.735"/>
  <testcase classname="Ecommerce.SeleniumFrameworkDesign.tests.SubmitOrderTest" name="OrderHistoryTest" time="8.950"/>
</testsuite> <!-- Ecommerce.SeleniumFrameworkDesign.tests.SubmitOrderTest -->
